2016-05-28 11:20AM - require(/Applications/XAMPP/xamppfiles/htdocs/pur/app/Views/.php): failed to open stream: No such file or directory in /Applications/XAMPP/xamppfiles/htdocs/pur/system/Core/View.php on line 35

2016-05-28 17:46PM - require(/Applications/XAMPP/xamppfiles/htdocs/pur/app/Views/Error/404.php): failed to open stream: No such file or directory in /Applications/XAMPP/xamppfiles/htdocs/pur/system/Core/View.php on line 35

2016-05-28 22:54PM - require(/Applications/XAMPP/xamppfiles/htdocs/pur/app/Views/Error/404.php): failed to open stream: No such file or directory in /Applications/XAMPP/xamppfiles/htdocs/pur/system/Core/View.php on line 35

2016-05-28 22:54PM - require(/Applications/XAMPP/xamppfiles/htdocs/pur/app/Views/Error/404.php): failed to open stream: No such file or directory in /Applications/XAMPP/xamppfiles/htdocs/pur/system/Core/View.php on line 35

2016-05-29 7:28AM - require(/Applications/XAMPP/xamppfiles/htdocs/pur/app/Views/Error/404.php): failed to open stream: No such file or directory in /Applications/XAMPP/xamppfiles/htdocs/pur/system/Core/View.php on line 35

2016-05-29 7:40AM - require(/Applications/XAMPP/xamppfiles/htdocs/pur/app/Views/Error/404.php): failed to open stream: No such file or directory in /Applications/XAMPP/xamppfiles/htdocs/pur/system/Core/View.php on line 35

2016-05-29 7:40AM - require(/Applications/XAMPP/xamppfiles/htdocs/pur/app/Views/Error/404.php): failed to open stream: No such file or directory in /Applications/XAMPP/xamppfiles/htdocs/pur/system/Core/View.php on line 35

2016-05-29 7:42AM - require(/Applications/XAMPP/xamppfiles/htdocs/pur/app/Views/Error/404.php): failed to open stream: No such file or directory in /Applications/XAMPP/xamppfiles/htdocs/pur/system/Core/View.php on line 35

2016-05-29 7:42AM - require(/Applications/XAMPP/xamppfiles/htdocs/pur/app/Views/Error/404.php): failed to open stream: No such file or directory in /Applications/XAMPP/xamppfiles/htdocs/pur/system/Core/View.php on line 35

2016-05-29 20:27PM - require(/Applications/XAMPP/xamppfiles/htdocs/pur/app/Views/Error/404.php): failed to open stream: No such file or directory in /Applications/XAMPP/xamppfiles/htdocs/pur/system/Core/View.php on line 35

2016-05-29 20:27PM - require(/Applications/XAMPP/xamppfiles/htdocs/pur/app/Views/Error/404.php): failed to open stream: No such file or directory in /Applications/XAMPP/xamppfiles/htdocs/pur/system/Core/View.php on line 35

2016-05-29 20:27PM - require(/Applications/XAMPP/xamppfiles/htdocs/pur/app/Views/Error/404.php): failed to open stream: No such file or directory in /Applications/XAMPP/xamppfiles/htdocs/pur/system/Core/View.php on line 35

Exception information:

           Date: May 29, 2016 20:31PM

           Message: SQLSTATE[HY093]: Invalid parameter number: number of bound variables does not match number of tokens

           Code: HY093

           File: /Applications/XAMPP/xamppfiles/htdocs/pur/system/Helpers/Database.php

           Line: 96

           Stack trace:

           #0 /Applications/XAMPP/xamppfiles/htdocs/pur/system/Helpers/Database.php(96): PDOStatement->execute()
#1 /Applications/XAMPP/xamppfiles/htdocs/pur/app/Models/Users.php(53): Helpers\Database->select('SELECT * FROM u...', Array)
#2 /Applications/XAMPP/xamppfiles/htdocs/pur/app/Controllers/User.php(95): app\Models\Users->checkEmail('nhatbang@gmail....', 'nhatbang@gmail....')
#3 [internal function]: App\Controllers\User->checkEmail()
#4 /Applications/XAMPP/xamppfiles/htdocs/pur/system/Core/Router.php(193): call_user_func_array(Array, Array)
#5 /Applications/XAMPP/xamppfiles/htdocs/pur/system/Core/Router.php(224): Core\Router->invokeController('App\\Controllers...', 'checkEmail', Array)
#6 /Applications/XAMPP/xamppfiles/htdocs/pur/system/Core/Router.php(261): Core\Router->invokeObject('App\\Controllers...', Array)
#7 /Applications/XAMPP/xamppfiles/htdocs/pur/app/Routes.php(70): Core\Router->dispatch()
#8 /Applications/XAMPP/xamppfiles/htdocs/pur/index.php(74): require('/Applications/X...')
#9 {main}

           ---------

Exception information:

           Date: May 29, 2016 20:31PM

           Message: SQLSTATE[HY093]: Invalid parameter number: number of bound variables does not match number of tokens

           Code: HY093

           File: /Applications/XAMPP/xamppfiles/htdocs/pur/system/Helpers/Database.php

           Line: 96

           Stack trace:

           #0 /Applications/XAMPP/xamppfiles/htdocs/pur/system/Helpers/Database.php(96): PDOStatement->execute()
#1 /Applications/XAMPP/xamppfiles/htdocs/pur/app/Models/Users.php(53): Helpers\Database->select('SELECT * FROM u...', Array)
#2 /Applications/XAMPP/xamppfiles/htdocs/pur/app/Controllers/User.php(95): app\Models\Users->checkEmail('i@gmail.com', 'nhatbang@gmail....')
#3 [internal function]: App\Controllers\User->checkEmail()
#4 /Applications/XAMPP/xamppfiles/htdocs/pur/system/Core/Router.php(193): call_user_func_array(Array, Array)
#5 /Applications/XAMPP/xamppfiles/htdocs/pur/system/Core/Router.php(224): Core\Router->invokeController('App\\Controllers...', 'checkEmail', Array)
#6 /Applications/XAMPP/xamppfiles/htdocs/pur/system/Core/Router.php(261): Core\Router->invokeObject('App\\Controllers...', Array)
#7 /Applications/XAMPP/xamppfiles/htdocs/pur/app/Routes.php(70): Core\Router->dispatch()
#8 /Applications/XAMPP/xamppfiles/htdocs/pur/index.php(74): require('/Applications/X...')
#9 {main}

           ---------

Exception information:

           Date: May 29, 2016 20:31PM

           Message: SQLSTATE[HY093]: Invalid parameter number: number of bound variables does not match number of tokens

           Code: HY093

           File: /Applications/XAMPP/xamppfiles/htdocs/pur/system/Helpers/Database.php

           Line: 96

           Stack trace:

           #0 /Applications/XAMPP/xamppfiles/htdocs/pur/system/Helpers/Database.php(96): PDOStatement->execute()
#1 /Applications/XAMPP/xamppfiles/htdocs/pur/app/Models/Users.php(53): Helpers\Database->select('SELECT * FROM u...', Array)
#2 /Applications/XAMPP/xamppfiles/htdocs/pur/app/Controllers/User.php(95): app\Models\Users->checkEmail('ic@gmail.com', 'nhatbang@gmail....')
#3 [internal function]: App\Controllers\User->checkEmail()
#4 /Applications/XAMPP/xamppfiles/htdocs/pur/system/Core/Router.php(193): call_user_func_array(Array, Array)
#5 /Applications/XAMPP/xamppfiles/htdocs/pur/system/Core/Router.php(224): Core\Router->invokeController('App\\Controllers...', 'checkEmail', Array)
#6 /Applications/XAMPP/xamppfiles/htdocs/pur/system/Core/Router.php(261): Core\Router->invokeObject('App\\Controllers...', Array)
#7 /Applications/XAMPP/xamppfiles/htdocs/pur/app/Routes.php(70): Core\Router->dispatch()
#8 /Applications/XAMPP/xamppfiles/htdocs/pur/index.php(74): require('/Applications/X...')
#9 {main}

           ---------

Exception information:

           Date: May 29, 2016 20:31PM

           Message: SQLSTATE[HY093]: Invalid parameter number: number of bound variables does not match number of tokens

           Code: HY093

           File: /Applications/XAMPP/xamppfiles/htdocs/pur/system/Helpers/Database.php

           Line: 96

           Stack trace:

           #0 /Applications/XAMPP/xamppfiles/htdocs/pur/system/Helpers/Database.php(96): PDOStatement->execute()
#1 /Applications/XAMPP/xamppfiles/htdocs/pur/app/Models/Users.php(53): Helpers\Database->select('SELECT * FROM u...', Array)
#2 /Applications/XAMPP/xamppfiles/htdocs/pur/app/Controllers/User.php(95): app\Models\Users->checkEmail('ico@gmail.com', 'nhatbang@gmail....')
#3 [internal function]: App\Controllers\User->checkEmail()
#4 /Applications/XAMPP/xamppfiles/htdocs/pur/system/Core/Router.php(193): call_user_func_array(Array, Array)
#5 /Applications/XAMPP/xamppfiles/htdocs/pur/system/Core/Router.php(224): Core\Router->invokeController('App\\Controllers...', 'checkEmail', Array)
#6 /Applications/XAMPP/xamppfiles/htdocs/pur/system/Core/Router.php(261): Core\Router->invokeObject('App\\Controllers...', Array)
#7 /Applications/XAMPP/xamppfiles/htdocs/pur/app/Routes.php(70): Core\Router->dispatch()
#8 /Applications/XAMPP/xamppfiles/htdocs/pur/index.php(74): require('/Applications/X...')
#9 {main}

           ---------

Exception information:

           Date: May 29, 2016 20:31PM

           Message: SQLSTATE[HY093]: Invalid parameter number: number of bound variables does not match number of tokens

           Code: HY093

           File: /Applications/XAMPP/xamppfiles/htdocs/pur/system/Helpers/Database.php

           Line: 96

           Stack trace:

           #0 /Applications/XAMPP/xamppfiles/htdocs/pur/system/Helpers/Database.php(96): PDOStatement->execute()
#1 /Applications/XAMPP/xamppfiles/htdocs/pur/app/Models/Users.php(53): Helpers\Database->select('SELECT * FROM u...', Array)
#2 /Applications/XAMPP/xamppfiles/htdocs/pur/app/Controllers/User.php(95): app\Models\Users->checkEmail('icod@gmail.com', 'nhatbang@gmail....')
#3 [internal function]: App\Controllers\User->checkEmail()
#4 /Applications/XAMPP/xamppfiles/htdocs/pur/system/Core/Router.php(193): call_user_func_array(Array, Array)
#5 /Applications/XAMPP/xamppfiles/htdocs/pur/system/Core/Router.php(224): Core\Router->invokeController('App\\Controllers...', 'checkEmail', Array)
#6 /Applications/XAMPP/xamppfiles/htdocs/pur/system/Core/Router.php(261): Core\Router->invokeObject('App\\Controllers...', Array)
#7 /Applications/XAMPP/xamppfiles/htdocs/pur/app/Routes.php(70): Core\Router->dispatch()
#8 /Applications/XAMPP/xamppfiles/htdocs/pur/index.php(74): require('/Applications/X...')
#9 {main}

           ---------

Exception information:

           Date: May 29, 2016 20:31PM

           Message: SQLSTATE[HY093]: Invalid parameter number: number of bound variables does not match number of tokens

           Code: HY093

           File: /Applications/XAMPP/xamppfiles/htdocs/pur/system/Helpers/Database.php

           Line: 96

           Stack trace:

           #0 /Applications/XAMPP/xamppfiles/htdocs/pur/system/Helpers/Database.php(96): PDOStatement->execute()
#1 /Applications/XAMPP/xamppfiles/htdocs/pur/app/Models/Users.php(53): Helpers\Database->select('SELECT * FROM u...', Array)
#2 /Applications/XAMPP/xamppfiles/htdocs/pur/app/Controllers/User.php(95): app\Models\Users->checkEmail('icodi@gmail.com', 'nhatbang@gmail....')
#3 [internal function]: App\Controllers\User->checkEmail()
#4 /Applications/XAMPP/xamppfiles/htdocs/pur/system/Core/Router.php(193): call_user_func_array(Array, Array)
#5 /Applications/XAMPP/xamppfiles/htdocs/pur/system/Core/Router.php(224): Core\Router->invokeController('App\\Controllers...', 'checkEmail', Array)
#6 /Applications/XAMPP/xamppfiles/htdocs/pur/system/Core/Router.php(261): Core\Router->invokeObject('App\\Controllers...', Array)
#7 /Applications/XAMPP/xamppfiles/htdocs/pur/app/Routes.php(70): Core\Router->dispatch()
#8 /Applications/XAMPP/xamppfiles/htdocs/pur/index.php(74): require('/Applications/X...')
#9 {main}

           ---------

Exception information:

           Date: May 29, 2016 20:31PM

           Message: SQLSTATE[HY093]: Invalid parameter number: number of bound variables does not match number of tokens

           Code: HY093

           File: /Applications/XAMPP/xamppfiles/htdocs/pur/system/Helpers/Database.php

           Line: 96

           Stack trace:

           #0 /Applications/XAMPP/xamppfiles/htdocs/pur/system/Helpers/Database.php(96): PDOStatement->execute()
#1 /Applications/XAMPP/xamppfiles/htdocs/pur/app/Models/Users.php(53): Helpers\Database->select('SELECT * FROM u...', Array)
#2 /Applications/XAMPP/xamppfiles/htdocs/pur/app/Controllers/User.php(95): app\Models\Users->checkEmail('icoding@gmail.c...', 'nhatbang@gmail....')
#3 [internal function]: App\Controllers\User->checkEmail()
#4 /Applications/XAMPP/xamppfiles/htdocs/pur/system/Core/Router.php(193): call_user_func_array(Array, Array)
#5 /Applications/XAMPP/xamppfiles/htdocs/pur/system/Core/Router.php(224): Core\Router->invokeController('App\\Controllers...', 'checkEmail', Array)
#6 /Applications/XAMPP/xamppfiles/htdocs/pur/system/Core/Router.php(261): Core\Router->invokeObject('App\\Controllers...', Array)
#7 /Applications/XAMPP/xamppfiles/htdocs/pur/app/Routes.php(70): Core\Router->dispatch()
#8 /Applications/XAMPP/xamppfiles/htdocs/pur/index.php(74): require('/Applications/X...')
#9 {main}

           ---------

Exception information:

           Date: May 29, 2016 20:31PM

           Message: SQLSTATE[HY093]: Invalid parameter number: number of bound variables does not match number of tokens

           Code: HY093

           File: /Applications/XAMPP/xamppfiles/htdocs/pur/system/Helpers/Database.php

           Line: 96

           Stack trace:

           #0 /Applications/XAMPP/xamppfiles/htdocs/pur/system/Helpers/Database.php(96): PDOStatement->execute()
#1 /Applications/XAMPP/xamppfiles/htdocs/pur/app/Models/Users.php(53): Helpers\Database->select('SELECT * FROM u...', Array)
#2 /Applications/XAMPP/xamppfiles/htdocs/pur/app/Controllers/User.php(95): app\Models\Users->checkEmail('icoding.@gmail....', 'nhatbang@gmail....')
#3 [internal function]: App\Controllers\User->checkEmail()
#4 /Applications/XAMPP/xamppfiles/htdocs/pur/system/Core/Router.php(193): call_user_func_array(Array, Array)
#5 /Applications/XAMPP/xamppfiles/htdocs/pur/system/Core/Router.php(224): Core\Router->invokeController('App\\Controllers...', 'checkEmail', Array)
#6 /Applications/XAMPP/xamppfiles/htdocs/pur/system/Core/Router.php(261): Core\Router->invokeObject('App\\Controllers...', Array)
#7 /Applications/XAMPP/xamppfiles/htdocs/pur/app/Routes.php(70): Core\Router->dispatch()
#8 /Applications/XAMPP/xamppfiles/htdocs/pur/index.php(74): require('/Applications/X...')
#9 {main}

           ---------

Exception information:

           Date: May 29, 2016 20:31PM

           Message: SQLSTATE[HY093]: Invalid parameter number: number of bound variables does not match number of tokens

           Code: HY093

           File: /Applications/XAMPP/xamppfiles/htdocs/pur/system/Helpers/Database.php

           Line: 96

           Stack trace:

           #0 /Applications/XAMPP/xamppfiles/htdocs/pur/system/Helpers/Database.php(96): PDOStatement->execute()
#1 /Applications/XAMPP/xamppfiles/htdocs/pur/app/Models/Users.php(53): Helpers\Database->select('SELECT * FROM u...', Array)
#2 /Applications/XAMPP/xamppfiles/htdocs/pur/app/Controllers/User.php(95): app\Models\Users->checkEmail('icoding.ac@gmai...', 'nhatbang@gmail....')
#3 [internal function]: App\Controllers\User->checkEmail()
#4 /Applications/XAMPP/xamppfiles/htdocs/pur/system/Core/Router.php(193): call_user_func_array(Array, Array)
#5 /Applications/XAMPP/xamppfiles/htdocs/pur/system/Core/Router.php(224): Core\Router->invokeController('App\\Controllers...', 'checkEmail', Array)
#6 /Applications/XAMPP/xamppfiles/htdocs/pur/system/Core/Router.php(261): Core\Router->invokeObject('App\\Controllers...', Array)
#7 /Applications/XAMPP/xamppfiles/htdocs/pur/app/Routes.php(70): Core\Router->dispatch()
#8 /Applications/XAMPP/xamppfiles/htdocs/pur/index.php(74): require('/Applications/X...')
#9 {main}

           ---------

Exception information:

           Date: May 29, 2016 20:31PM

           Message: SQLSTATE[HY093]: Invalid parameter number: number of bound variables does not match number of tokens

           Code: HY093

           File: /Applications/XAMPP/xamppfiles/htdocs/pur/system/Helpers/Database.php

           Line: 96

           Stack trace:

           #0 /Applications/XAMPP/xamppfiles/htdocs/pur/system/Helpers/Database.php(96): PDOStatement->execute()
#1 /Applications/XAMPP/xamppfiles/htdocs/pur/app/Models/Users.php(53): Helpers\Database->select('SELECT * FROM u...', Array)
#2 /Applications/XAMPP/xamppfiles/htdocs/pur/app/Controllers/User.php(95): app\Models\Users->checkEmail('icoding.act@gma...', 'nhatbang@gmail....')
#3 [internal function]: App\Controllers\User->checkEmail()
#4 /Applications/XAMPP/xamppfiles/htdocs/pur/system/Core/Router.php(193): call_user_func_array(Array, Array)
#5 /Applications/XAMPP/xamppfiles/htdocs/pur/system/Core/Router.php(224): Core\Router->invokeController('App\\Controllers...', 'checkEmail', Array)
#6 /Applications/XAMPP/xamppfiles/htdocs/pur/system/Core/Router.php(261): Core\Router->invokeObject('App\\Controllers...', Array)
#7 /Applications/XAMPP/xamppfiles/htdocs/pur/app/Routes.php(70): Core\Router->dispatch()
#8 /Applications/XAMPP/xamppfiles/htdocs/pur/index.php(74): require('/Applications/X...')
#9 {main}

           ---------

Exception information:

           Date: May 29, 2016 20:31PM

           Message: SQLSTATE[HY093]: Invalid parameter number: number of bound variables does not match number of tokens

           Code: HY093

           File: /Applications/XAMPP/xamppfiles/htdocs/pur/system/Helpers/Database.php

           Line: 96

           Stack trace:

           #0 /Applications/XAMPP/xamppfiles/htdocs/pur/system/Helpers/Database.php(96): PDOStatement->execute()
#1 /Applications/XAMPP/xamppfiles/htdocs/pur/app/Models/Users.php(53): Helpers\Database->select('SELECT * FROM u...', Array)
#2 /Applications/XAMPP/xamppfiles/htdocs/pur/app/Controllers/User.php(95): app\Models\Users->checkEmail('icoding.acti@gm...', 'nhatbang@gmail....')
#3 [internal function]: App\Controllers\User->checkEmail()
#4 /Applications/XAMPP/xamppfiles/htdocs/pur/system/Core/Router.php(193): call_user_func_array(Array, Array)
#5 /Applications/XAMPP/xamppfiles/htdocs/pur/system/Core/Router.php(224): Core\Router->invokeController('App\\Controllers...', 'checkEmail', Array)
#6 /Applications/XAMPP/xamppfiles/htdocs/pur/system/Core/Router.php(261): Core\Router->invokeObject('App\\Controllers...', Array)
#7 /Applications/XAMPP/xamppfiles/htdocs/pur/app/Routes.php(70): Core\Router->dispatch()
#8 /Applications/XAMPP/xamppfiles/htdocs/pur/index.php(74): require('/Applications/X...')
#9 {main}

           ---------

Exception information:

           Date: May 29, 2016 20:31PM

           Message: SQLSTATE[HY093]: Invalid parameter number: number of bound variables does not match number of tokens

           Code: HY093

           File: /Applications/XAMPP/xamppfiles/htdocs/pur/system/Helpers/Database.php

           Line: 96

           Stack trace:

           #0 /Applications/XAMPP/xamppfiles/htdocs/pur/system/Helpers/Database.php(96): PDOStatement->execute()
#1 /Applications/XAMPP/xamppfiles/htdocs/pur/app/Models/Users.php(53): Helpers\Database->select('SELECT * FROM u...', Array)
#2 /Applications/XAMPP/xamppfiles/htdocs/pur/app/Controllers/User.php(95): app\Models\Users->checkEmail('icoding.active@...', 'nhatbang@gmail....')
#3 [internal function]: App\Controllers\User->checkEmail()
#4 /Applications/XAMPP/xamppfiles/htdocs/pur/system/Core/Router.php(193): call_user_func_array(Array, Array)
#5 /Applications/XAMPP/xamppfiles/htdocs/pur/system/Core/Router.php(224): Core\Router->invokeController('App\\Controllers...', 'checkEmail', Array)
#6 /Applications/XAMPP/xamppfiles/htdocs/pur/system/Core/Router.php(261): Core\Router->invokeObject('App\\Controllers...', Array)
#7 /Applications/XAMPP/xamppfiles/htdocs/pur/app/Routes.php(70): Core\Router->dispatch()
#8 /Applications/XAMPP/xamppfiles/htdocs/pur/index.php(74): require('/Applications/X...')
#9 {main}

           ---------

Exception information:

           Date: May 29, 2016 20:32PM

           Message: SQLSTATE[HY093]: Invalid parameter number: number of bound variables does not match number of tokens

           Code: HY093

           File: /Applications/XAMPP/xamppfiles/htdocs/pur/system/Helpers/Database.php

           Line: 96

           Stack trace:

           #0 /Applications/XAMPP/xamppfiles/htdocs/pur/system/Helpers/Database.php(96): PDOStatement->execute()
#1 /Applications/XAMPP/xamppfiles/htdocs/pur/app/Models/Users.php(53): Helpers\Database->select('SELECT * FROM u...', Array)
#2 /Applications/XAMPP/xamppfiles/htdocs/pur/app/Controllers/User.php(95): app\Models\Users->checkEmail('nhatbang@gm', 'nhatbang@gmail....')
#3 [internal function]: App\Controllers\User->checkEmail()
#4 /Applications/XAMPP/xamppfiles/htdocs/pur/system/Core/Router.php(193): call_user_func_array(Array, Array)
#5 /Applications/XAMPP/xamppfiles/htdocs/pur/system/Core/Router.php(224): Core\Router->invokeController('App\\Controllers...', 'checkEmail', Array)
#6 /Applications/XAMPP/xamppfiles/htdocs/pur/system/Core/Router.php(261): Core\Router->invokeObject('App\\Controllers...', Array)
#7 /Applications/XAMPP/xamppfiles/htdocs/pur/app/Routes.php(70): Core\Router->dispatch()
#8 /Applications/XAMPP/xamppfiles/htdocs/pur/index.php(74): require('/Applications/X...')
#9 {main}

           ---------

Exception information:

           Date: May 29, 2016 20:32PM

           Message: SQLSTATE[HY093]: Invalid parameter number: number of bound variables does not match number of tokens

           Code: HY093

           File: /Applications/XAMPP/xamppfiles/htdocs/pur/system/Helpers/Database.php

           Line: 96

           Stack trace:

           #0 /Applications/XAMPP/xamppfiles/htdocs/pur/system/Helpers/Database.php(96): PDOStatement->execute()
#1 /Applications/XAMPP/xamppfiles/htdocs/pur/app/Models/Users.php(53): Helpers\Database->select('SELECT * FROM u...', Array)
#2 /Applications/XAMPP/xamppfiles/htdocs/pur/app/Controllers/User.php(95): app\Models\Users->checkEmail('nhatbang@gmai', 'nhatbang@gmail....')
#3 [internal function]: App\Controllers\User->checkEmail()
#4 /Applications/XAMPP/xamppfiles/htdocs/pur/system/Core/Router.php(193): call_user_func_array(Array, Array)
#5 /Applications/XAMPP/xamppfiles/htdocs/pur/system/Core/Router.php(224): Core\Router->invokeController('App\\Controllers...', 'checkEmail', Array)
#6 /Applications/XAMPP/xamppfiles/htdocs/pur/system/Core/Router.php(261): Core\Router->invokeObject('App\\Controllers...', Array)
#7 /Applications/XAMPP/xamppfiles/htdocs/pur/app/Routes.php(70): Core\Router->dispatch()
#8 /Applications/XAMPP/xamppfiles/htdocs/pur/index.php(74): require('/Applications/X...')
#9 {main}

           ---------

Exception information:

           Date: May 29, 2016 20:32PM

           Message: SQLSTATE[HY093]: Invalid parameter number: number of bound variables does not match number of tokens

           Code: HY093

           File: /Applications/XAMPP/xamppfiles/htdocs/pur/system/Helpers/Database.php

           Line: 96

           Stack trace:

           #0 /Applications/XAMPP/xamppfiles/htdocs/pur/system/Helpers/Database.php(96): PDOStatement->execute()
#1 /Applications/XAMPP/xamppfiles/htdocs/pur/app/Models/Users.php(53): Helpers\Database->select('SELECT * FROM u...', Array)
#2 /Applications/XAMPP/xamppfiles/htdocs/pur/app/Controllers/User.php(95): app\Models\Users->checkEmail('nhatbang@gmail', 'nhatbang@gmail....')
#3 [internal function]: App\Controllers\User->checkEmail()
#4 /Applications/XAMPP/xamppfiles/htdocs/pur/system/Core/Router.php(193): call_user_func_array(Array, Array)
#5 /Applications/XAMPP/xamppfiles/htdocs/pur/system/Core/Router.php(224): Core\Router->invokeController('App\\Controllers...', 'checkEmail', Array)
#6 /Applications/XAMPP/xamppfiles/htdocs/pur/system/Core/Router.php(261): Core\Router->invokeObject('App\\Controllers...', Array)
#7 /Applications/XAMPP/xamppfiles/htdocs/pur/app/Routes.php(70): Core\Router->dispatch()
#8 /Applications/XAMPP/xamppfiles/htdocs/pur/index.php(74): require('/Applications/X...')
#9 {main}

           ---------

Exception information:

           Date: May 29, 2016 20:32PM

           Message: SQLSTATE[HY093]: Invalid parameter number: number of bound variables does not match number of tokens

           Code: HY093

           File: /Applications/XAMPP/xamppfiles/htdocs/pur/system/Helpers/Database.php

           Line: 96

           Stack trace:

           #0 /Applications/XAMPP/xamppfiles/htdocs/pur/system/Helpers/Database.php(96): PDOStatement->execute()
#1 /Applications/XAMPP/xamppfiles/htdocs/pur/app/Models/Users.php(53): Helpers\Database->select('SELECT * FROM u...', Array)
#2 /Applications/XAMPP/xamppfiles/htdocs/pur/app/Controllers/User.php(95): app\Models\Users->checkEmail('nhatbang@gmail....', 'nhatbang@gmail....')
#3 [internal function]: App\Controllers\User->checkEmail()
#4 /Applications/XAMPP/xamppfiles/htdocs/pur/system/Core/Router.php(193): call_user_func_array(Array, Array)
#5 /Applications/XAMPP/xamppfiles/htdocs/pur/system/Core/Router.php(224): Core\Router->invokeController('App\\Controllers...', 'checkEmail', Array)
#6 /Applications/XAMPP/xamppfiles/htdocs/pur/system/Core/Router.php(261): Core\Router->invokeObject('App\\Controllers...', Array)
#7 /Applications/XAMPP/xamppfiles/htdocs/pur/app/Routes.php(70): Core\Router->dispatch()
#8 /Applications/XAMPP/xamppfiles/htdocs/pur/index.php(74): require('/Applications/X...')
#9 {main}

           ---------

Exception information:

           Date: May 29, 2016 20:32PM

           Message: SQLSTATE[HY093]: Invalid parameter number: number of bound variables does not match number of tokens

           Code: HY093

           File: /Applications/XAMPP/xamppfiles/htdocs/pur/system/Helpers/Database.php

           Line: 96

           Stack trace:

           #0 /Applications/XAMPP/xamppfiles/htdocs/pur/system/Helpers/Database.php(96): PDOStatement->execute()
#1 /Applications/XAMPP/xamppfiles/htdocs/pur/app/Models/Users.php(53): Helpers\Database->select('SELECT * FROM u...', Array)
#2 /Applications/XAMPP/xamppfiles/htdocs/pur/app/Controllers/User.php(95): app\Models\Users->checkEmail('nhatbang@gmail....', 'nhatbang@gmail....')
#3 [internal function]: App\Controllers\User->checkEmail()
#4 /Applications/XAMPP/xamppfiles/htdocs/pur/system/Core/Router.php(193): call_user_func_array(Array, Array)
#5 /Applications/XAMPP/xamppfiles/htdocs/pur/system/Core/Router.php(224): Core\Router->invokeController('App\\Controllers...', 'checkEmail', Array)
#6 /Applications/XAMPP/xamppfiles/htdocs/pur/system/Core/Router.php(261): Core\Router->invokeObject('App\\Controllers...', Array)
#7 /Applications/XAMPP/xamppfiles/htdocs/pur/app/Routes.php(70): Core\Router->dispatch()
#8 /Applications/XAMPP/xamppfiles/htdocs/pur/index.php(74): require('/Applications/X...')
#9 {main}

           ---------

Exception information:

           Date: May 29, 2016 20:32PM

           Message: SQLSTATE[HY093]: Invalid parameter number: number of bound variables does not match number of tokens

           Code: HY093

           File: /Applications/XAMPP/xamppfiles/htdocs/pur/system/Helpers/Database.php

           Line: 96

           Stack trace:

           #0 /Applications/XAMPP/xamppfiles/htdocs/pur/system/Helpers/Database.php(96): PDOStatement->execute()
#1 /Applications/XAMPP/xamppfiles/htdocs/pur/app/Models/Users.php(53): Helpers\Database->select('SELECT * FROM u...', Array)
#2 /Applications/XAMPP/xamppfiles/htdocs/pur/app/Controllers/User.php(95): app\Models\Users->checkEmail('nhatbang@gmail....', 'nhatbang@gmail....')
#3 [internal function]: App\Controllers\User->checkEmail()
#4 /Applications/XAMPP/xamppfiles/htdocs/pur/system/Core/Router.php(193): call_user_func_array(Array, Array)
#5 /Applications/XAMPP/xamppfiles/htdocs/pur/system/Core/Router.php(224): Core\Router->invokeController('App\\Controllers...', 'checkEmail', Array)
#6 /Applications/XAMPP/xamppfiles/htdocs/pur/system/Core/Router.php(261): Core\Router->invokeObject('App\\Controllers...', Array)
#7 /Applications/XAMPP/xamppfiles/htdocs/pur/app/Routes.php(70): Core\Router->dispatch()
#8 /Applications/XAMPP/xamppfiles/htdocs/pur/index.php(74): require('/Applications/X...')
#9 {main}

           ---------

2016-05-29 20:33PM - require(/Applications/XAMPP/xamppfiles/htdocs/pur/app/Views/Error/404.php): failed to open stream: No such file or directory in /Applications/XAMPP/xamppfiles/htdocs/pur/system/Core/View.php on line 35

Exception information:

           Date: May 29, 2016 23:33PM

           Message: SQLSTATE[HY093]: Invalid parameter number: number of bound variables does not match number of tokens

           Code: HY093

           File: /Applications/XAMPP/xamppfiles/htdocs/pur/system/Helpers/Database.php

           Line: 96

           Stack trace:

           #0 /Applications/XAMPP/xamppfiles/htdocs/pur/system/Helpers/Database.php(96): PDOStatement->execute()
#1 /Applications/XAMPP/xamppfiles/htdocs/pur/app/Models/Users.php(53): Helpers\Database->select('SELECT * FROM u...', Array)
#2 /Applications/XAMPP/xamppfiles/htdocs/pur/app/Controllers/User.php(95): app\Models\Users->checkEmail('icoding.active@...', 'icoding.active@...')
#3 [internal function]: App\Controllers\User->checkEmail()
#4 /Applications/XAMPP/xamppfiles/htdocs/pur/system/Core/Router.php(193): call_user_func_array(Array, Array)
#5 /Applications/XAMPP/xamppfiles/htdocs/pur/system/Core/Router.php(224): Core\Router->invokeController('App\\Controllers...', 'checkEmail', Array)
#6 /Applications/XAMPP/xamppfiles/htdocs/pur/system/Core/Router.php(261): Core\Router->invokeObject('App\\Controllers...', Array)
#7 /Applications/XAMPP/xamppfiles/htdocs/pur/app/Routes.php(73): Core\Router->dispatch()
#8 /Applications/XAMPP/xamppfiles/htdocs/pur/index.php(74): require('/Applications/X...')
#9 {main}

           ---------

